# JRE version: OpenJDK Runtime Environment Corretto-17.0.8.8.1 (17.0.8.1+8) (build 17.0.8.1+8-LTS)
# Java VM: OpenJDK 64-Bit Server VM Corretto-17.0.8.8.1 (17.0.8.1+8-LTS, mixed mode, emulated-client, sharing, tiered, compressed oops, compressed class ptrs, g1 gc, bsd-amd64)
GC Precious Log:
 CPUs: 10 total, 10 available
 Memory: 32768M
 Large Page Support: Disabled
 NUMA Support: Disabled
 Compressed Oops: Enabled (Zero based)
 Heap Region Size: 4M
 Heap Min Capacity: 8M
 Heap Initial Capacity: 512M
 Heap Max Capacity: 8G
 Pre-touch: Disabled
 Parallel Workers: 9
 Concurrent Workers: 2
 Concurrent Refinement Workers: 9
 Periodic GC: Disabled
Heap:
 garbage-first heap   total 319488K, used 121400K [0x0000000600000000, 0x0000000800000000)
  region size 4096K, 26 young (106496K), 1 survivors (4096K)
 Metaspace       used 32248K, committed 32704K, reserved 1114112K
  class space    used 4503K, committed 4736K, reserved 1048576K
GC Heap History (12 events):
Event: 0.548 GC heap before
{Heap before GC invocations=0 (full 0):
 garbage-first heap   total 532480K, used 24536K [0x0000000600000000, 0x0000000800000000)
  region size 4096K, 6 young (24576K), 0 survivors (0K)
 Metaspace       used 4675K, committed 4864K, reserved 1114112K
  class space    used 548K, committed 640K, reserved 1048576K
}
Event: 0.556 GC heap after
{Heap after GC invocations=1 (full 0):
 garbage-first heap   total 532480K, used 12883K [0x0000000600000000, 0x0000000800000000)
  region size 4096K, 1 young (4096K), 1 survivors (4096K)
 Metaspace       used 4675K, committed 4864K, reserved 1114112K
  class space    used 548K, committed 640K, reserved 1048576K
}
Event: 0.858 GC heap before
{Heap before GC invocations=1 (full 0):
 garbage-first heap   total 532480K, used 33363K [0x0000000600000000, 0x0000000800000000)
  region size 4096K, 6 young (24576K), 1 survivors (4096K)
 Metaspace       used 7743K, committed 7936K, reserved 1114112K
  class space    used 992K, committed 1088K, reserved 1048576K
}
Event: 0.864 GC heap after
{Heap after GC invocations=2 (full 0):
 garbage-first heap   total 532480K, used 14179K [0x0000000600000000, 0x0000000800000000)
  region size 4096K, 1 young (4096K), 1 survivors (4096K)
 Metaspace       used 7743K, committed 7936K, reserved 1114112K
  class space    used 992K, committed 1088K, reserved 1048576K
}
Event: 1.494 GC heap before
{Heap before GC invocations=2 (full 0):
 garbage-first heap   total 532480K, used 79715K [0x0000000600000000, 0x0000000800000000)
  region size 4096K, 17 young (69632K), 1 survivors (4096K)
 Metaspace       used 15089K, committed 15360K, reserved 1114112K
  class space    used 2167K, committed 2304K, reserved 1048576K
}
Event: 1.498 GC heap after
{Heap after GC invocations=3 (full 0):
 garbage-first heap   total 532480K, used 16728K [0x0000000600000000, 0x0000000800000000)
  region size 4096K, 1 young (4096K), 1 survivors (4096K)
 Metaspace       used 15089K, committed 15360K, reserved 1114112K
  class space    used 2167K, committed 2304K, reserved 1048576K
}
Event: 1.782 GC heap before
{Heap before GC invocations=3 (full 0):
 garbage-first heap   total 532480K, used 61784K [0x0000000600000000, 0x0000000800000000)
  region size 4096K, 13 young (53248K), 1 survivors (4096K)
 Metaspace       used 21219K, committed 21504K, reserved 1114112K
  class space    used 2933K, committed 3072K, reserved 1048576K
}
Event: 1.786 GC heap after
{Heap after GC invocations=4 (full 0):
 garbage-first heap   total 532480K, used 18618K [0x0000000600000000, 0x0000000800000000)
  region size 4096K, 2 young (8192K), 2 survivors (8192K)
 Metaspace       used 21219K, committed 21504K, reserved 1114112K
  class space    used 2933K, committed 3072K, reserved 1048576K
}
Event: 2.335 GC heap before
{Heap before GC invocations=5 (full 0):
 garbage-first heap   total 110592K, used 75962K [0x0000000600000000, 0x0000000800000000)
  region size 4096K, 16 young (65536K), 2 survivors (8192K)
 Metaspace       used 23808K, committed 24128K, reserved 1114112K
  class space    used 3223K, committed 3392K, reserved 1048576K
}
Event: 2.343 GC heap after
{Heap after GC invocations=6 (full 0):
 garbage-first heap   total 110592K, used 22469K [0x0000000600000000, 0x0000000800000000)
  region size 4096K, 2 young (8192K), 2 survivors (8192K)
 Metaspace       used 23808K, committed 24128K, reserved 1114112K
  class space    used 3223K, committed 3392K, reserved 1048576K
}
Event: 2.402 GC heap before
{Heap before GC invocations=6 (full 0):
 garbage-first heap   total 110592K, used 26565K [0x0000000600000000, 0x0000000800000000)
  region size 4096K, 3 young (12288K), 2 survivors (8192K)
 Metaspace       used 23930K, committed 24256K, reserved 1114112K
  class space    used 3241K, committed 3392K, reserved 1048576K
}
Event: 2.408 GC heap after
{Heap after GC invocations=7 (full 0):
 garbage-first heap   total 319488K, used 23096K [0x0000000600000000, 0x0000000800000000)
  region size 4096K, 1 young (4096K), 1 survivors (4096K)
 Metaspace       used 23930K, committed 24256K, reserved 1114112K
  class space    used 3241K, committed 3392K, reserved 1048576K
}

